Determining if the pthread_create exist failed with the following output:
Change Dir: /home/punk4tt4ck/Desktop/VUT/4_semester/IVS/Projekt_1/assignment/build/CMakeFiles/CMakeTmp

Run Build Command:"/usr/bin/make" "cmTC_3b441/fast"
/usr/bin/make -f CMakeFiles/cmTC_3b441.dir/build.make CMakeFiles/cmTC_3b441.dir/build
make[1]: Entering directory '/home/punk4tt4ck/Desktop/VUT/4_semester/IVS/Projekt_1/assignment/build/CMakeFiles/CMakeTmp'
Building C object CMakeFiles/cmTC_3b441.dir/CheckSymbolExists.c.o
/usr/bin/cc   -g -O0 -fprofile-arcs -ftest-coverage    -o CMakeFiles/cmTC_3b441.dir/CheckSymbolExists.c.o   -c /home/punk4tt4ck/Desktop/VUT/4_semester/IVS/Projekt_1/assignment/build/CMakeFiles/CMakeTmp/CheckSymbolExists.c
Linking C executable cmTC_3b441
/usr/bin/cmake -E cmake_link_script CMakeFiles/cmTC_3b441.dir/link.txt --verbose=1
/usr/bin/cc  -g -O0 -fprofile-arcs -ftest-coverage     -rdynamic CMakeFiles/cmTC_3b441.dir/CheckSymbolExists.c.o  -o cmTC_3b441 
/usr/bin/ld: CMakeFiles/cmTC_3b441.dir/CheckSymbolExists.c.o: in function `main':
/home/punk4tt4ck/Desktop/VUT/4_semester/IVS/Projekt_1/assignment/build/CMakeFiles/CMakeTmp/CheckSymbolExists.c:8: undefined reference to `pthread_create'
collect2: error: ld returned 1 exit status
make[1]: *** [CMakeFiles/cmTC_3b441.dir/build.make:87: cmTC_3b441] Error 1
make[1]: Leaving directory '/home/punk4tt4ck/Desktop/VUT/4_semester/IVS/Projekt_1/assignment/build/CMakeFiles/CMakeTmp'
make: *** [Makefile:121: cmTC_3b441/fast] Error 2

File /home/punk4tt4ck/Desktop/VUT/4_semester/IVS/Projekt_1/assignment/build/CMakeFiles/CMakeTmp/CheckSymbolExists.c:
/* */
#include <pthread.h>

int main(int argc, char** argv)
{
  (void)argv;
#ifndef pthread_create
  return ((int*)(&pthread_create))[argc];
#else
  (void)argc;
  return 0;
#endif
}

Determining if the function pthread_create exists in the pthreads failed with the following output:
Change Dir: /home/punk4tt4ck/Desktop/VUT/4_semester/IVS/Projekt_1/assignment/build/CMakeFiles/CMakeTmp

Run Build Command:"/usr/bin/make" "cmTC_7194c/fast"
/usr/bin/make -f CMakeFiles/cmTC_7194c.dir/build.make CMakeFiles/cmTC_7194c.dir/build
make[1]: Entering directory '/home/punk4tt4ck/Desktop/VUT/4_semester/IVS/Projekt_1/assignment/build/CMakeFiles/CMakeTmp'
Building C object CMakeFiles/cmTC_7194c.dir/CheckFunctionExists.c.o
/usr/bin/cc   -g -O0 -fprofile-arcs -ftest-coverage -DCHECK_FUNCTION_EXISTS=pthread_create   -o CMakeFiles/cmTC_7194c.dir/CheckFunctionExists.c.o   -c /usr/share/cmake-3.13/Modules/CheckFunctionExists.c
Linking C executable cmTC_7194c
/usr/bin/cmake -E cmake_link_script CMakeFiles/cmTC_7194c.dir/link.txt --verbose=1
/usr/bin/cc  -g -O0 -fprofile-arcs -ftest-coverage -DCHECK_FUNCTION_EXISTS=pthread_create    -rdynamic CMakeFiles/cmTC_7194c.dir/CheckFunctionExists.c.o  -o cmTC_7194c -lpthreads 
/usr/bin/ld: cannot find -lpthreads
collect2: error: ld returned 1 exit status
make[1]: *** [CMakeFiles/cmTC_7194c.dir/build.make:87: cmTC_7194c] Error 1
make[1]: Leaving directory '/home/punk4tt4ck/Desktop/VUT/4_semester/IVS/Projekt_1/assignment/build/CMakeFiles/CMakeTmp'
make: *** [Makefile:121: cmTC_7194c/fast] Error 2


