Performing C SOURCE FILE Test HAVE_GCC_PREFERRED_STACK_BOUNDARY failed with the following output:
Change Dir: /home/punk4tt4ck/Desktop/VUT/4_semester/IZG/Projekt/SDL2-2.0.9/build/CMakeFiles/CMakeTmp

Run Build Command:"/usr/bin/make" "cmTC_0be39/fast"
/usr/bin/make -f CMakeFiles/cmTC_0be39.dir/build.make CMakeFiles/cmTC_0be39.dir/build
make[1]: Entering directory '/home/punk4tt4ck/Desktop/VUT/4_semester/IZG/Projekt/SDL2-2.0.9/build/CMakeFiles/CMakeTmp'
Building C object CMakeFiles/cmTC_0be39.dir/src.c.o
/usr/bin/cc   -g -O3 -idirafter /home/punk4tt4ck/Desktop/VUT/4_semester/IZG/Projekt/SDL2-2.0.9/src/video/khronos -DHAVE_GCC_PREFERRED_STACK_BOUNDARY -mpreferred-stack-boundary=2   -o CMakeFiles/cmTC_0be39.dir/src.c.o   -c /home/punk4tt4ck/Desktop/VUT/4_semester/IZG/Projekt/SDL2-2.0.9/build/CMakeFiles/CMakeTmp/src.c
cc1: error: -mpreferred-stack-boundary=2 is not between 3 and 12
make[1]: *** [CMakeFiles/cmTC_0be39.dir/build.make:66: CMakeFiles/cmTC_0be39.dir/src.c.o] Error 1
make[1]: Leaving directory '/home/punk4tt4ck/Desktop/VUT/4_semester/IZG/Projekt/SDL2-2.0.9/build/CMakeFiles/CMakeTmp'
make: *** [Makefile:121: cmTC_0be39/fast] Error 2

Source file was:
int x = 0; int main(int argc, char **argv) {}
Performing C SOURCE FILE Test HAVE_ALTIVEC_H_HDR failed with the following output:
Change Dir: /home/punk4tt4ck/Desktop/VUT/4_semester/IZG/Projekt/SDL2-2.0.9/build/CMakeFiles/CMakeTmp

Run Build Command:"/usr/bin/make" "cmTC_49fc3/fast"
/usr/bin/make -f CMakeFiles/cmTC_49fc3.dir/build.make CMakeFiles/cmTC_49fc3.dir/build
make[1]: Entering directory '/home/punk4tt4ck/Desktop/VUT/4_semester/IZG/Projekt/SDL2-2.0.9/build/CMakeFiles/CMakeTmp'
Building C object CMakeFiles/cmTC_49fc3.dir/src.c.o
/usr/bin/cc   -g -O3 -idirafter /home/punk4tt4ck/Desktop/VUT/4_semester/IZG/Projekt/SDL2-2.0.9/src/video/khronos -DHAVE_ALTIVEC_H_HDR -maltivec   -o CMakeFiles/cmTC_49fc3.dir/src.c.o   -c /home/punk4tt4ck/Desktop/VUT/4_semester/IZG/Projekt/SDL2-2.0.9/build/CMakeFiles/CMakeTmp/src.c
cc: error: unrecognized command line option ‘-maltivec’; did you mean ‘-mglibc’?
make[1]: *** [CMakeFiles/cmTC_49fc3.dir/build.make:66: CMakeFiles/cmTC_49fc3.dir/src.c.o] Error 1
make[1]: Leaving directory '/home/punk4tt4ck/Desktop/VUT/4_semester/IZG/Projekt/SDL2-2.0.9/build/CMakeFiles/CMakeTmp'
make: *** [Makefile:121: cmTC_49fc3/fast] Error 2

Source file was:

          #include <altivec.h>
          vector unsigned int vzero() {
              return vec_splat_u32(0);
          }
          int main(int argc, char **argv) { }
Performing C SOURCE FILE Test HAVE_ALTIVEC failed with the following output:
Change Dir: /home/punk4tt4ck/Desktop/VUT/4_semester/IZG/Projekt/SDL2-2.0.9/build/CMakeFiles/CMakeTmp

Run Build Command:"/usr/bin/make" "cmTC_f885d/fast"
/usr/bin/make -f CMakeFiles/cmTC_f885d.dir/build.make CMakeFiles/cmTC_f885d.dir/build
make[1]: Entering directory '/home/punk4tt4ck/Desktop/VUT/4_semester/IZG/Projekt/SDL2-2.0.9/build/CMakeFiles/CMakeTmp'
Building C object CMakeFiles/cmTC_f885d.dir/src.c.o
/usr/bin/cc   -g -O3 -idirafter /home/punk4tt4ck/Desktop/VUT/4_semester/IZG/Projekt/SDL2-2.0.9/src/video/khronos -DHAVE_ALTIVEC -maltivec   -o CMakeFiles/cmTC_f885d.dir/src.c.o   -c /home/punk4tt4ck/Desktop/VUT/4_semester/IZG/Projekt/SDL2-2.0.9/build/CMakeFiles/CMakeTmp/src.c
cc: error: unrecognized command line option ‘-maltivec’; did you mean ‘-mglibc’?
make[1]: *** [CMakeFiles/cmTC_f885d.dir/build.make:66: CMakeFiles/cmTC_f885d.dir/src.c.o] Error 1
make[1]: Leaving directory '/home/punk4tt4ck/Desktop/VUT/4_semester/IZG/Projekt/SDL2-2.0.9/build/CMakeFiles/CMakeTmp'
make: *** [Makefile:121: cmTC_f885d/fast] Error 2

Source file was:

          vector unsigned int vzero() {
              return vec_splat_u32(0);
          }
          int main(int argc, char **argv) { }
Determining if the include file libunwind.h exists failed with the following output:
Change Dir: /home/punk4tt4ck/Desktop/VUT/4_semester/IZG/Projekt/SDL2-2.0.9/build/CMakeFiles/CMakeTmp

Run Build Command:"/usr/bin/make" "cmTC_3d1eb/fast"
/usr/bin/make -f CMakeFiles/cmTC_3d1eb.dir/build.make CMakeFiles/cmTC_3d1eb.dir/build
make[1]: Entering directory '/home/punk4tt4ck/Desktop/VUT/4_semester/IZG/Projekt/SDL2-2.0.9/build/CMakeFiles/CMakeTmp'
Building C object CMakeFiles/cmTC_3d1eb.dir/CheckIncludeFile.c.o
/usr/bin/cc   -g -O3 -idirafter /home/punk4tt4ck/Desktop/VUT/4_semester/IZG/Projekt/SDL2-2.0.9/src/video/khronos    -o CMakeFiles/cmTC_3d1eb.dir/CheckIncludeFile.c.o   -c /home/punk4tt4ck/Desktop/VUT/4_semester/IZG/Projekt/SDL2-2.0.9/build/CMakeFiles/CMakeTmp/CheckIncludeFile.c
/home/punk4tt4ck/Desktop/VUT/4_semester/IZG/Projekt/SDL2-2.0.9/build/CMakeFiles/CMakeTmp/CheckIncludeFile.c:1:10: fatal error: libunwind.h: No such file or directory
 #include <libunwind.h>
          ^~~~~~~~~~~~~
compilation terminated.
make[1]: *** [CMakeFiles/cmTC_3d1eb.dir/build.make:66: CMakeFiles/cmTC_3d1eb.dir/CheckIncludeFile.c.o] Error 1
make[1]: Leaving directory '/home/punk4tt4ck/Desktop/VUT/4_semester/IZG/Projekt/SDL2-2.0.9/build/CMakeFiles/CMakeTmp'
make: *** [Makefile:121: cmTC_3d1eb/fast] Error 2


Determining if the function strlcpy exists failed with the following output:
Change Dir: /home/punk4tt4ck/Desktop/VUT/4_semester/IZG/Projekt/SDL2-2.0.9/build/CMakeFiles/CMakeTmp

Run Build Command:"/usr/bin/make" "cmTC_b0f96/fast"
/usr/bin/make -f CMakeFiles/cmTC_b0f96.dir/build.make CMakeFiles/cmTC_b0f96.dir/build
make[1]: Entering directory '/home/punk4tt4ck/Desktop/VUT/4_semester/IZG/Projekt/SDL2-2.0.9/build/CMakeFiles/CMakeTmp'
Building C object CMakeFiles/cmTC_b0f96.dir/CheckFunctionExists.c.o
/usr/bin/cc   -g -O3 -idirafter /home/punk4tt4ck/Desktop/VUT/4_semester/IZG/Projekt/SDL2-2.0.9/src/video/khronos -DCHECK_FUNCTION_EXISTS=strlcpy   -o CMakeFiles/cmTC_b0f96.dir/CheckFunctionExists.c.o   -c /usr/share/cmake-3.13/Modules/CheckFunctionExists.c
Linking C executable cmTC_b0f96
/usr/bin/cmake -E cmake_link_script CMakeFiles/cmTC_b0f96.dir/link.txt --verbose=1
/usr/bin/cc -g -O3 -idirafter /home/punk4tt4ck/Desktop/VUT/4_semester/IZG/Projekt/SDL2-2.0.9/src/video/khronos -DCHECK_FUNCTION_EXISTS=strlcpy    -rdynamic CMakeFiles/cmTC_b0f96.dir/CheckFunctionExists.c.o  -o cmTC_b0f96 
/usr/bin/ld: CMakeFiles/cmTC_b0f96.dir/CheckFunctionExists.c.o: in function `main':
/usr/share/cmake-3.13/Modules/CheckFunctionExists.c:17: undefined reference to `strlcpy'
collect2: error: ld returned 1 exit status
make[1]: *** [CMakeFiles/cmTC_b0f96.dir/build.make:87: cmTC_b0f96] Error 1
make[1]: Leaving directory '/home/punk4tt4ck/Desktop/VUT/4_semester/IZG/Projekt/SDL2-2.0.9/build/CMakeFiles/CMakeTmp'
make: *** [Makefile:121: cmTC_b0f96/fast] Error 2


Determining if the function strlcat exists failed with the following output:
Change Dir: /home/punk4tt4ck/Desktop/VUT/4_semester/IZG/Projekt/SDL2-2.0.9/build/CMakeFiles/CMakeTmp

Run Build Command:"/usr/bin/make" "cmTC_9b319/fast"
/usr/bin/make -f CMakeFiles/cmTC_9b319.dir/build.make CMakeFiles/cmTC_9b319.dir/build
make[1]: Entering directory '/home/punk4tt4ck/Desktop/VUT/4_semester/IZG/Projekt/SDL2-2.0.9/build/CMakeFiles/CMakeTmp'
Building C object CMakeFiles/cmTC_9b319.dir/CheckFunctionExists.c.o
/usr/bin/cc   -g -O3 -idirafter /home/punk4tt4ck/Desktop/VUT/4_semester/IZG/Projekt/SDL2-2.0.9/src/video/khronos -DCHECK_FUNCTION_EXISTS=strlcat   -o CMakeFiles/cmTC_9b319.dir/CheckFunctionExists.c.o   -c /usr/share/cmake-3.13/Modules/CheckFunctionExists.c
Linking C executable cmTC_9b319
/usr/bin/cmake -E cmake_link_script CMakeFiles/cmTC_9b319.dir/link.txt --verbose=1
/usr/bin/cc -g -O3 -idirafter /home/punk4tt4ck/Desktop/VUT/4_semester/IZG/Projekt/SDL2-2.0.9/src/video/khronos -DCHECK_FUNCTION_EXISTS=strlcat    -rdynamic CMakeFiles/cmTC_9b319.dir/CheckFunctionExists.c.o  -o cmTC_9b319 
/usr/bin/ld: CMakeFiles/cmTC_9b319.dir/CheckFunctionExists.c.o: in function `main':
/usr/share/cmake-3.13/Modules/CheckFunctionExists.c:17: undefined reference to `strlcat'
collect2: error: ld returned 1 exit status
make[1]: *** [CMakeFiles/cmTC_9b319.dir/build.make:87: cmTC_9b319] Error 1
make[1]: Leaving directory '/home/punk4tt4ck/Desktop/VUT/4_semester/IZG/Projekt/SDL2-2.0.9/build/CMakeFiles/CMakeTmp'
make: *** [Makefile:121: cmTC_9b319/fast] Error 2


Determining if the function _strrev exists failed with the following output:
Change Dir: /home/punk4tt4ck/Desktop/VUT/4_semester/IZG/Projekt/SDL2-2.0.9/build/CMakeFiles/CMakeTmp

Run Build Command:"/usr/bin/make" "cmTC_86060/fast"
/usr/bin/make -f CMakeFiles/cmTC_86060.dir/build.make CMakeFiles/cmTC_86060.dir/build
make[1]: Entering directory '/home/punk4tt4ck/Desktop/VUT/4_semester/IZG/Projekt/SDL2-2.0.9/build/CMakeFiles/CMakeTmp'
Building C object CMakeFiles/cmTC_86060.dir/CheckFunctionExists.c.o
/usr/bin/cc   -g -O3 -idirafter /home/punk4tt4ck/Desktop/VUT/4_semester/IZG/Projekt/SDL2-2.0.9/src/video/khronos -DCHECK_FUNCTION_EXISTS=_strrev   -o CMakeFiles/cmTC_86060.dir/CheckFunctionExists.c.o   -c /usr/share/cmake-3.13/Modules/CheckFunctionExists.c
Linking C executable cmTC_86060
/usr/bin/cmake -E cmake_link_script CMakeFiles/cmTC_86060.dir/link.txt --verbose=1
/usr/bin/cc -g -O3 -idirafter /home/punk4tt4ck/Desktop/VUT/4_semester/IZG/Projekt/SDL2-2.0.9/src/video/khronos -DCHECK_FUNCTION_EXISTS=_strrev    -rdynamic CMakeFiles/cmTC_86060.dir/CheckFunctionExists.c.o  -o cmTC_86060 
/usr/bin/ld: CMakeFiles/cmTC_86060.dir/CheckFunctionExists.c.o: in function `main':
/usr/share/cmake-3.13/Modules/CheckFunctionExists.c:17: undefined reference to `_strrev'
collect2: error: ld returned 1 exit status
make[1]: *** [CMakeFiles/cmTC_86060.dir/build.make:87: cmTC_86060] Error 1
make[1]: Leaving directory '/home/punk4tt4ck/Desktop/VUT/4_semester/IZG/Projekt/SDL2-2.0.9/build/CMakeFiles/CMakeTmp'
make: *** [Makefile:121: cmTC_86060/fast] Error 2


Determining if the function _strupr exists failed with the following output:
Change Dir: /home/punk4tt4ck/Desktop/VUT/4_semester/IZG/Projekt/SDL2-2.0.9/build/CMakeFiles/CMakeTmp

Run Build Command:"/usr/bin/make" "cmTC_5238d/fast"
/usr/bin/make -f CMakeFiles/cmTC_5238d.dir/build.make CMakeFiles/cmTC_5238d.dir/build
make[1]: Entering directory '/home/punk4tt4ck/Desktop/VUT/4_semester/IZG/Projekt/SDL2-2.0.9/build/CMakeFiles/CMakeTmp'
Building C object CMakeFiles/cmTC_5238d.dir/CheckFunctionExists.c.o
/usr/bin/cc   -g -O3 -idirafter /home/punk4tt4ck/Desktop/VUT/4_semester/IZG/Projekt/SDL2-2.0.9/src/video/khronos -DCHECK_FUNCTION_EXISTS=_strupr   -o CMakeFiles/cmTC_5238d.dir/CheckFunctionExists.c.o   -c /usr/share/cmake-3.13/Modules/CheckFunctionExists.c
Linking C executable cmTC_5238d
/usr/bin/cmake -E cmake_link_script CMakeFiles/cmTC_5238d.dir/link.txt --verbose=1
/usr/bin/cc -g -O3 -idirafter /home/punk4tt4ck/Desktop/VUT/4_semester/IZG/Projekt/SDL2-2.0.9/src/video/khronos -DCHECK_FUNCTION_EXISTS=_strupr    -rdynamic CMakeFiles/cmTC_5238d.dir/CheckFunctionExists.c.o  -o cmTC_5238d 
/usr/bin/ld: CMakeFiles/cmTC_5238d.dir/CheckFunctionExists.c.o: in function `main':
/usr/share/cmake-3.13/Modules/CheckFunctionExists.c:17: undefined reference to `_strupr'
collect2: error: ld returned 1 exit status
make[1]: *** [CMakeFiles/cmTC_5238d.dir/build.make:87: cmTC_5238d] Error 1
make[1]: Leaving directory '/home/punk4tt4ck/Desktop/VUT/4_semester/IZG/Projekt/SDL2-2.0.9/build/CMakeFiles/CMakeTmp'
make: *** [Makefile:121: cmTC_5238d/fast] Error 2


Determining if the function _strlwr exists failed with the following output:
Change Dir: /home/punk4tt4ck/Desktop/VUT/4_semester/IZG/Projekt/SDL2-2.0.9/build/CMakeFiles/CMakeTmp

Run Build Command:"/usr/bin/make" "cmTC_9356e/fast"
/usr/bin/make -f CMakeFiles/cmTC_9356e.dir/build.make CMakeFiles/cmTC_9356e.dir/build
make[1]: Entering directory '/home/punk4tt4ck/Desktop/VUT/4_semester/IZG/Projekt/SDL2-2.0.9/build/CMakeFiles/CMakeTmp'
Building C object CMakeFiles/cmTC_9356e.dir/CheckFunctionExists.c.o
/usr/bin/cc   -g -O3 -idirafter /home/punk4tt4ck/Desktop/VUT/4_semester/IZG/Projekt/SDL2-2.0.9/src/video/khronos -DCHECK_FUNCTION_EXISTS=_strlwr   -o CMakeFiles/cmTC_9356e.dir/CheckFunctionExists.c.o   -c /usr/share/cmake-3.13/Modules/CheckFunctionExists.c
Linking C executable cmTC_9356e
/usr/bin/cmake -E cmake_link_script CMakeFiles/cmTC_9356e.dir/link.txt --verbose=1
/usr/bin/cc -g -O3 -idirafter /home/punk4tt4ck/Desktop/VUT/4_semester/IZG/Projekt/SDL2-2.0.9/src/video/khronos -DCHECK_FUNCTION_EXISTS=_strlwr    -rdynamic CMakeFiles/cmTC_9356e.dir/CheckFunctionExists.c.o  -o cmTC_9356e 
/usr/bin/ld: CMakeFiles/cmTC_9356e.dir/CheckFunctionExists.c.o: in function `main':
/usr/share/cmake-3.13/Modules/CheckFunctionExists.c:17: undefined reference to `_strlwr'
collect2: error: ld returned 1 exit status
make[1]: *** [CMakeFiles/cmTC_9356e.dir/build.make:87: cmTC_9356e] Error 1
make[1]: Leaving directory '/home/punk4tt4ck/Desktop/VUT/4_semester/IZG/Projekt/SDL2-2.0.9/build/CMakeFiles/CMakeTmp'
make: *** [Makefile:121: cmTC_9356e/fast] Error 2


Determining if the function itoa exists failed with the following output:
Change Dir: /home/punk4tt4ck/Desktop/VUT/4_semester/IZG/Projekt/SDL2-2.0.9/build/CMakeFiles/CMakeTmp

Run Build Command:"/usr/bin/make" "cmTC_63750/fast"
/usr/bin/make -f CMakeFiles/cmTC_63750.dir/build.make CMakeFiles/cmTC_63750.dir/build
make[1]: Entering directory '/home/punk4tt4ck/Desktop/VUT/4_semester/IZG/Projekt/SDL2-2.0.9/build/CMakeFiles/CMakeTmp'
Building C object CMakeFiles/cmTC_63750.dir/CheckFunctionExists.c.o
/usr/bin/cc   -g -O3 -idirafter /home/punk4tt4ck/Desktop/VUT/4_semester/IZG/Projekt/SDL2-2.0.9/src/video/khronos -DCHECK_FUNCTION_EXISTS=itoa   -o CMakeFiles/cmTC_63750.dir/CheckFunctionExists.c.o   -c /usr/share/cmake-3.13/Modules/CheckFunctionExists.c
Linking C executable cmTC_63750
/usr/bin/cmake -E cmake_link_script CMakeFiles/cmTC_63750.dir/link.txt --verbose=1
/usr/bin/cc -g -O3 -idirafter /home/punk4tt4ck/Desktop/VUT/4_semester/IZG/Projekt/SDL2-2.0.9/src/video/khronos -DCHECK_FUNCTION_EXISTS=itoa    -rdynamic CMakeFiles/cmTC_63750.dir/CheckFunctionExists.c.o  -o cmTC_63750 
/usr/bin/ld: CMakeFiles/cmTC_63750.dir/CheckFunctionExists.c.o: in function `main':
/usr/share/cmake-3.13/Modules/CheckFunctionExists.c:17: undefined reference to `itoa'
collect2: error: ld returned 1 exit status
make[1]: *** [CMakeFiles/cmTC_63750.dir/build.make:87: cmTC_63750] Error 1
make[1]: Leaving directory '/home/punk4tt4ck/Desktop/VUT/4_semester/IZG/Projekt/SDL2-2.0.9/build/CMakeFiles/CMakeTmp'
make: *** [Makefile:121: cmTC_63750/fast] Error 2


Determining if the function _ltoa exists failed with the following output:
Change Dir: /home/punk4tt4ck/Desktop/VUT/4_semester/IZG/Projekt/SDL2-2.0.9/build/CMakeFiles/CMakeTmp

Run Build Command:"/usr/bin/make" "cmTC_8e3c5/fast"
/usr/bin/make -f CMakeFiles/cmTC_8e3c5.dir/build.make CMakeFiles/cmTC_8e3c5.dir/build
make[1]: Entering directory '/home/punk4tt4ck/Desktop/VUT/4_semester/IZG/Projekt/SDL2-2.0.9/build/CMakeFiles/CMakeTmp'
Building C object CMakeFiles/cmTC_8e3c5.dir/CheckFunctionExists.c.o
/usr/bin/cc   -g -O3 -idirafter /home/punk4tt4ck/Desktop/VUT/4_semester/IZG/Projekt/SDL2-2.0.9/src/video/khronos -DCHECK_FUNCTION_EXISTS=_ltoa   -o CMakeFiles/cmTC_8e3c5.dir/CheckFunctionExists.c.o   -c /usr/share/cmake-3.13/Modules/CheckFunctionExists.c
Linking C executable cmTC_8e3c5
/usr/bin/cmake -E cmake_link_script CMakeFiles/cmTC_8e3c5.dir/link.txt --verbose=1
/usr/bin/cc -g -O3 -idirafter /home/punk4tt4ck/Desktop/VUT/4_semester/IZG/Projekt/SDL2-2.0.9/src/video/khronos -DCHECK_FUNCTION_EXISTS=_ltoa    -rdynamic CMakeFiles/cmTC_8e3c5.dir/CheckFunctionExists.c.o  -o cmTC_8e3c5 
/usr/bin/ld: CMakeFiles/cmTC_8e3c5.dir/CheckFunctionExists.c.o: in function `main':
/usr/share/cmake-3.13/Modules/CheckFunctionExists.c:17: undefined reference to `_ltoa'
collect2: error: ld returned 1 exit status
make[1]: *** [CMakeFiles/cmTC_8e3c5.dir/build.make:87: cmTC_8e3c5] Error 1
make[1]: Leaving directory '/home/punk4tt4ck/Desktop/VUT/4_semester/IZG/Projekt/SDL2-2.0.9/build/CMakeFiles/CMakeTmp'
make: *** [Makefile:121: cmTC_8e3c5/fast] Error 2


Determining if the function _uitoa exists failed with the following output:
Change Dir: /home/punk4tt4ck/Desktop/VUT/4_semester/IZG/Projekt/SDL2-2.0.9/build/CMakeFiles/CMakeTmp

Run Build Command:"/usr/bin/make" "cmTC_c5649/fast"
/usr/bin/make -f CMakeFiles/cmTC_c5649.dir/build.make CMakeFiles/cmTC_c5649.dir/build
make[1]: Entering directory '/home/punk4tt4ck/Desktop/VUT/4_semester/IZG/Projekt/SDL2-2.0.9/build/CMakeFiles/CMakeTmp'
Building C object CMakeFiles/cmTC_c5649.dir/CheckFunctionExists.c.o
/usr/bin/cc   -g -O3 -idirafter /home/punk4tt4ck/Desktop/VUT/4_semester/IZG/Projekt/SDL2-2.0.9/src/video/khronos -DCHECK_FUNCTION_EXISTS=_uitoa   -o CMakeFiles/cmTC_c5649.dir/CheckFunctionExists.c.o   -c /usr/share/cmake-3.13/Modules/CheckFunctionExists.c
Linking C executable cmTC_c5649
/usr/bin/cmake -E cmake_link_script CMakeFiles/cmTC_c5649.dir/link.txt --verbose=1
/usr/bin/cc -g -O3 -idirafter /home/punk4tt4ck/Desktop/VUT/4_semester/IZG/Projekt/SDL2-2.0.9/src/video/khronos -DCHECK_FUNCTION_EXISTS=_uitoa    -rdynamic CMakeFiles/cmTC_c5649.dir/CheckFunctionExists.c.o  -o cmTC_c5649 
/usr/bin/ld: CMakeFiles/cmTC_c5649.dir/CheckFunctionExists.c.o: in function `main':
/usr/share/cmake-3.13/Modules/CheckFunctionExists.c:17: undefined reference to `_uitoa'
collect2: error: ld returned 1 exit status
make[1]: *** [CMakeFiles/cmTC_c5649.dir/build.make:87: cmTC_c5649] Error 1
make[1]: Leaving directory '/home/punk4tt4ck/Desktop/VUT/4_semester/IZG/Projekt/SDL2-2.0.9/build/CMakeFiles/CMakeTmp'
make: *** [Makefile:121: cmTC_c5649/fast] Error 2


Determining if the function _ultoa exists failed with the following output:
Change Dir: /home/punk4tt4ck/Desktop/VUT/4_semester/IZG/Projekt/SDL2-2.0.9/build/CMakeFiles/CMakeTmp

Run Build Command:"/usr/bin/make" "cmTC_6891b/fast"
/usr/bin/make -f CMakeFiles/cmTC_6891b.dir/build.make CMakeFiles/cmTC_6891b.dir/build
make[1]: Entering directory '/home/punk4tt4ck/Desktop/VUT/4_semester/IZG/Projekt/SDL2-2.0.9/build/CMakeFiles/CMakeTmp'
Building C object CMakeFiles/cmTC_6891b.dir/CheckFunctionExists.c.o
/usr/bin/cc   -g -O3 -idirafter /home/punk4tt4ck/Desktop/VUT/4_semester/IZG/Projekt/SDL2-2.0.9/src/video/khronos -DCHECK_FUNCTION_EXISTS=_ultoa   -o CMakeFiles/cmTC_6891b.dir/CheckFunctionExists.c.o   -c /usr/share/cmake-3.13/Modules/CheckFunctionExists.c
Linking C executable cmTC_6891b
/usr/bin/cmake -E cmake_link_script CMakeFiles/cmTC_6891b.dir/link.txt --verbose=1
/usr/bin/cc -g -O3 -idirafter /home/punk4tt4ck/Desktop/VUT/4_semester/IZG/Projekt/SDL2-2.0.9/src/video/khronos -DCHECK_FUNCTION_EXISTS=_ultoa    -rdynamic CMakeFiles/cmTC_6891b.dir/CheckFunctionExists.c.o  -o cmTC_6891b 
/usr/bin/ld: CMakeFiles/cmTC_6891b.dir/CheckFunctionExists.c.o: in function `main':
/usr/share/cmake-3.13/Modules/CheckFunctionExists.c:17: undefined reference to `_ultoa'
collect2: error: ld returned 1 exit status
make[1]: *** [CMakeFiles/cmTC_6891b.dir/build.make:87: cmTC_6891b] Error 1
make[1]: Leaving directory '/home/punk4tt4ck/Desktop/VUT/4_semester/IZG/Projekt/SDL2-2.0.9/build/CMakeFiles/CMakeTmp'
make: *** [Makefile:121: cmTC_6891b/fast] Error 2


Determining if the function _i64toa exists failed with the following output:
Change Dir: /home/punk4tt4ck/Desktop/VUT/4_semester/IZG/Projekt/SDL2-2.0.9/build/CMakeFiles/CMakeTmp

Run Build Command:"/usr/bin/make" "cmTC_8597c/fast"
/usr/bin/make -f CMakeFiles/cmTC_8597c.dir/build.make CMakeFiles/cmTC_8597c.dir/build
make[1]: Entering directory '/home/punk4tt4ck/Desktop/VUT/4_semester/IZG/Projekt/SDL2-2.0.9/build/CMakeFiles/CMakeTmp'
Building C object CMakeFiles/cmTC_8597c.dir/CheckFunctionExists.c.o
/usr/bin/cc   -g -O3 -idirafter /home/punk4tt4ck/Desktop/VUT/4_semester/IZG/Projekt/SDL2-2.0.9/src/video/khronos -DCHECK_FUNCTION_EXISTS=_i64toa   -o CMakeFiles/cmTC_8597c.dir/CheckFunctionExists.c.o   -c /usr/share/cmake-3.13/Modules/CheckFunctionExists.c
Linking C executable cmTC_8597c
/usr/bin/cmake -E cmake_link_script CMakeFiles/cmTC_8597c.dir/link.txt --verbose=1
/usr/bin/cc -g -O3 -idirafter /home/punk4tt4ck/Desktop/VUT/4_semester/IZG/Projekt/SDL2-2.0.9/src/video/khronos -DCHECK_FUNCTION_EXISTS=_i64toa    -rdynamic CMakeFiles/cmTC_8597c.dir/CheckFunctionExists.c.o  -o cmTC_8597c 
/usr/bin/ld: CMakeFiles/cmTC_8597c.dir/CheckFunctionExists.c.o: in function `main':
/usr/share/cmake-3.13/Modules/CheckFunctionExists.c:17: undefined reference to `_i64toa'
collect2: error: ld returned 1 exit status
make[1]: *** [CMakeFiles/cmTC_8597c.dir/build.make:87: cmTC_8597c] Error 1
make[1]: Leaving directory '/home/punk4tt4ck/Desktop/VUT/4_semester/IZG/Projekt/SDL2-2.0.9/build/CMakeFiles/CMakeTmp'
make: *** [Makefile:121: cmTC_8597c/fast] Error 2


Determining if the function _ui64toa exists failed with the following output:
Change Dir: /home/punk4tt4ck/Desktop/VUT/4_semester/IZG/Projekt/SDL2-2.0.9/build/CMakeFiles/CMakeTmp

Run Build Command:"/usr/bin/make" "cmTC_48ce8/fast"
/usr/bin/make -f CMakeFiles/cmTC_48ce8.dir/build.make CMakeFiles/cmTC_48ce8.dir/build
make[1]: Entering directory '/home/punk4tt4ck/Desktop/VUT/4_semester/IZG/Projekt/SDL2-2.0.9/build/CMakeFiles/CMakeTmp'
Building C object CMakeFiles/cmTC_48ce8.dir/CheckFunctionExists.c.o
/usr/bin/cc   -g -O3 -idirafter /home/punk4tt4ck/Desktop/VUT/4_semester/IZG/Projekt/SDL2-2.0.9/src/video/khronos -DCHECK_FUNCTION_EXISTS=_ui64toa   -o CMakeFiles/cmTC_48ce8.dir/CheckFunctionExists.c.o   -c /usr/share/cmake-3.13/Modules/CheckFunctionExists.c
Linking C executable cmTC_48ce8
/usr/bin/cmake -E cmake_link_script CMakeFiles/cmTC_48ce8.dir/link.txt --verbose=1
/usr/bin/cc -g -O3 -idirafter /home/punk4tt4ck/Desktop/VUT/4_semester/IZG/Projekt/SDL2-2.0.9/src/video/khronos -DCHECK_FUNCTION_EXISTS=_ui64toa    -rdynamic CMakeFiles/cmTC_48ce8.dir/CheckFunctionExists.c.o  -o cmTC_48ce8 
/usr/bin/ld: CMakeFiles/cmTC_48ce8.dir/CheckFunctionExists.c.o: in function `main':
/usr/share/cmake-3.13/Modules/CheckFunctionExists.c:17: undefined reference to `_ui64toa'
collect2: error: ld returned 1 exit status
make[1]: *** [CMakeFiles/cmTC_48ce8.dir/build.make:87: cmTC_48ce8] Error 1
make[1]: Leaving directory '/home/punk4tt4ck/Desktop/VUT/4_semester/IZG/Projekt/SDL2-2.0.9/build/CMakeFiles/CMakeTmp'
make: *** [Makefile:121: cmTC_48ce8/fast] Error 2


Determining if the function _stricmp exists failed with the following output:
Change Dir: /home/punk4tt4ck/Desktop/VUT/4_semester/IZG/Projekt/SDL2-2.0.9/build/CMakeFiles/CMakeTmp

Run Build Command:"/usr/bin/make" "cmTC_28618/fast"
/usr/bin/make -f CMakeFiles/cmTC_28618.dir/build.make CMakeFiles/cmTC_28618.dir/build
make[1]: Entering directory '/home/punk4tt4ck/Desktop/VUT/4_semester/IZG/Projekt/SDL2-2.0.9/build/CMakeFiles/CMakeTmp'
Building C object CMakeFiles/cmTC_28618.dir/CheckFunctionExists.c.o
/usr/bin/cc   -g -O3 -idirafter /home/punk4tt4ck/Desktop/VUT/4_semester/IZG/Projekt/SDL2-2.0.9/src/video/khronos -DCHECK_FUNCTION_EXISTS=_stricmp   -o CMakeFiles/cmTC_28618.dir/CheckFunctionExists.c.o   -c /usr/share/cmake-3.13/Modules/CheckFunctionExists.c
Linking C executable cmTC_28618
/usr/bin/cmake -E cmake_link_script CMakeFiles/cmTC_28618.dir/link.txt --verbose=1
/usr/bin/cc -g -O3 -idirafter /home/punk4tt4ck/Desktop/VUT/4_semester/IZG/Projekt/SDL2-2.0.9/src/video/khronos -DCHECK_FUNCTION_EXISTS=_stricmp    -rdynamic CMakeFiles/cmTC_28618.dir/CheckFunctionExists.c.o  -o cmTC_28618 
/usr/bin/ld: CMakeFiles/cmTC_28618.dir/CheckFunctionExists.c.o: in function `main':
/usr/share/cmake-3.13/Modules/CheckFunctionExists.c:17: undefined reference to `_stricmp'
collect2: error: ld returned 1 exit status
make[1]: *** [CMakeFiles/cmTC_28618.dir/build.make:87: cmTC_28618] Error 1
make[1]: Leaving directory '/home/punk4tt4ck/Desktop/VUT/4_semester/IZG/Projekt/SDL2-2.0.9/build/CMakeFiles/CMakeTmp'
make: *** [Makefile:121: cmTC_28618/fast] Error 2


Determining if the function _strnicmp exists failed with the following output:
Change Dir: /home/punk4tt4ck/Desktop/VUT/4_semester/IZG/Projekt/SDL2-2.0.9/build/CMakeFiles/CMakeTmp

Run Build Command:"/usr/bin/make" "cmTC_d566e/fast"
/usr/bin/make -f CMakeFiles/cmTC_d566e.dir/build.make CMakeFiles/cmTC_d566e.dir/build
make[1]: Entering directory '/home/punk4tt4ck/Desktop/VUT/4_semester/IZG/Projekt/SDL2-2.0.9/build/CMakeFiles/CMakeTmp'
Building C object CMakeFiles/cmTC_d566e.dir/CheckFunctionExists.c.o
/usr/bin/cc   -g -O3 -idirafter /home/punk4tt4ck/Desktop/VUT/4_semester/IZG/Projekt/SDL2-2.0.9/src/video/khronos -DCHECK_FUNCTION_EXISTS=_strnicmp   -o CMakeFiles/cmTC_d566e.dir/CheckFunctionExists.c.o   -c /usr/share/cmake-3.13/Modules/CheckFunctionExists.c
Linking C executable cmTC_d566e
/usr/bin/cmake -E cmake_link_script CMakeFiles/cmTC_d566e.dir/link.txt --verbose=1
/usr/bin/cc -g -O3 -idirafter /home/punk4tt4ck/Desktop/VUT/4_semester/IZG/Projekt/SDL2-2.0.9/src/video/khronos -DCHECK_FUNCTION_EXISTS=_strnicmp    -rdynamic CMakeFiles/cmTC_d566e.dir/CheckFunctionExists.c.o  -o cmTC_d566e 
/usr/bin/ld: CMakeFiles/cmTC_d566e.dir/CheckFunctionExists.c.o: in function `main':
/usr/share/cmake-3.13/Modules/CheckFunctionExists.c:17: undefined reference to `_strnicmp'
collect2: error: ld returned 1 exit status
make[1]: *** [CMakeFiles/cmTC_d566e.dir/build.make:87: cmTC_d566e] Error 1
make[1]: Leaving directory '/home/punk4tt4ck/Desktop/VUT/4_semester/IZG/Projekt/SDL2-2.0.9/build/CMakeFiles/CMakeTmp'
make: *** [Makefile:121: cmTC_d566e/fast] Error 2


Determining if the function sysctlbyname exists failed with the following output:
Change Dir: /home/punk4tt4ck/Desktop/VUT/4_semester/IZG/Projekt/SDL2-2.0.9/build/CMakeFiles/CMakeTmp

Run Build Command:"/usr/bin/make" "cmTC_d0352/fast"
/usr/bin/make -f CMakeFiles/cmTC_d0352.dir/build.make CMakeFiles/cmTC_d0352.dir/build
make[1]: Entering directory '/home/punk4tt4ck/Desktop/VUT/4_semester/IZG/Projekt/SDL2-2.0.9/build/CMakeFiles/CMakeTmp'
Building C object CMakeFiles/cmTC_d0352.dir/CheckFunctionExists.c.o
/usr/bin/cc   -g -O3 -idirafter /home/punk4tt4ck/Desktop/VUT/4_semester/IZG/Projekt/SDL2-2.0.9/src/video/khronos -DCHECK_FUNCTION_EXISTS=sysctlbyname   -o CMakeFiles/cmTC_d0352.dir/CheckFunctionExists.c.o   -c /usr/share/cmake-3.13/Modules/CheckFunctionExists.c
Linking C executable cmTC_d0352
/usr/bin/cmake -E cmake_link_script CMakeFiles/cmTC_d0352.dir/link.txt --verbose=1
/usr/bin/cc -g -O3 -idirafter /home/punk4tt4ck/Desktop/VUT/4_semester/IZG/Projekt/SDL2-2.0.9/src/video/khronos -DCHECK_FUNCTION_EXISTS=sysctlbyname    -rdynamic CMakeFiles/cmTC_d0352.dir/CheckFunctionExists.c.o  -o cmTC_d0352 
/usr/bin/ld: CMakeFiles/cmTC_d0352.dir/CheckFunctionExists.c.o: in function `main':
/usr/share/cmake-3.13/Modules/CheckFunctionExists.c:17: undefined reference to `sysctlbyname'
collect2: error: ld returned 1 exit status
make[1]: *** [CMakeFiles/cmTC_d0352.dir/build.make:87: cmTC_d0352] Error 1
make[1]: Leaving directory '/home/punk4tt4ck/Desktop/VUT/4_semester/IZG/Projekt/SDL2-2.0.9/build/CMakeFiles/CMakeTmp'
make: *** [Makefile:121: cmTC_d0352/fast] Error 2


Determining if the function iconv_open exists in the iconv failed with the following output:
Change Dir: /home/punk4tt4ck/Desktop/VUT/4_semester/IZG/Projekt/SDL2-2.0.9/build/CMakeFiles/CMakeTmp

Run Build Command:"/usr/bin/make" "cmTC_c6962/fast"
/usr/bin/make -f CMakeFiles/cmTC_c6962.dir/build.make CMakeFiles/cmTC_c6962.dir/build
make[1]: Entering directory '/home/punk4tt4ck/Desktop/VUT/4_semester/IZG/Projekt/SDL2-2.0.9/build/CMakeFiles/CMakeTmp'
Building C object CMakeFiles/cmTC_c6962.dir/CheckFunctionExists.c.o
/usr/bin/cc   -g -O3 -idirafter /home/punk4tt4ck/Desktop/VUT/4_semester/IZG/Projekt/SDL2-2.0.9/src/video/khronos -DCHECK_FUNCTION_EXISTS=iconv_open   -o CMakeFiles/cmTC_c6962.dir/CheckFunctionExists.c.o   -c /usr/share/cmake-3.13/Modules/CheckFunctionExists.c
Linking C executable cmTC_c6962
/usr/bin/cmake -E cmake_link_script CMakeFiles/cmTC_c6962.dir/link.txt --verbose=1
/usr/bin/cc -g -O3 -idirafter /home/punk4tt4ck/Desktop/VUT/4_semester/IZG/Projekt/SDL2-2.0.9/src/video/khronos -DCHECK_FUNCTION_EXISTS=iconv_open    -rdynamic CMakeFiles/cmTC_c6962.dir/CheckFunctionExists.c.o  -o cmTC_c6962 -liconv 
/usr/bin/ld: cannot find -liconv
collect2: error: ld returned 1 exit status
make[1]: *** [CMakeFiles/cmTC_c6962.dir/build.make:87: cmTC_c6962] Error 1
make[1]: Leaving directory '/home/punk4tt4ck/Desktop/VUT/4_semester/IZG/Projekt/SDL2-2.0.9/build/CMakeFiles/CMakeTmp'
make: *** [Makefile:121: cmTC_c6962/fast] Error 2


Determining if the function alloca exists failed with the following output:
Change Dir: /home/punk4tt4ck/Desktop/VUT/4_semester/IZG/Projekt/SDL2-2.0.9/build/CMakeFiles/CMakeTmp

Run Build Command:"/usr/bin/make" "cmTC_16bdb/fast"
/usr/bin/make -f CMakeFiles/cmTC_16bdb.dir/build.make CMakeFiles/cmTC_16bdb.dir/build
make[1]: Entering directory '/home/punk4tt4ck/Desktop/VUT/4_semester/IZG/Projekt/SDL2-2.0.9/build/CMakeFiles/CMakeTmp'
Building C object CMakeFiles/cmTC_16bdb.dir/CheckFunctionExists.c.o
/usr/bin/cc   -g -O3 -idirafter /home/punk4tt4ck/Desktop/VUT/4_semester/IZG/Projekt/SDL2-2.0.9/src/video/khronos -DCHECK_FUNCTION_EXISTS=alloca   -o CMakeFiles/cmTC_16bdb.dir/CheckFunctionExists.c.o   -c /usr/share/cmake-3.13/Modules/CheckFunctionExists.c
<command-line>: warning: conflicting types for built-in function ‘alloca’ [-Wbuiltin-declaration-mismatch]
/usr/share/cmake-3.13/Modules/CheckFunctionExists.c:7:3: note: in expansion of macro ‘CHECK_FUNCTION_EXISTS’
   CHECK_FUNCTION_EXISTS(void);
   ^~~~~~~~~~~~~~~~~~~~~
Linking C executable cmTC_16bdb
/usr/bin/cmake -E cmake_link_script CMakeFiles/cmTC_16bdb.dir/link.txt --verbose=1
/usr/bin/cc -g -O3 -idirafter /home/punk4tt4ck/Desktop/VUT/4_semester/IZG/Projekt/SDL2-2.0.9/src/video/khronos -DCHECK_FUNCTION_EXISTS=alloca    -rdynamic CMakeFiles/cmTC_16bdb.dir/CheckFunctionExists.c.o  -o cmTC_16bdb 
/usr/bin/ld: CMakeFiles/cmTC_16bdb.dir/CheckFunctionExists.c.o: in function `main':
/usr/share/cmake-3.13/Modules/CheckFunctionExists.c:17: undefined reference to `alloca'
collect2: error: ld returned 1 exit status
make[1]: *** [CMakeFiles/cmTC_16bdb.dir/build.make:87: cmTC_16bdb] Error 1
make[1]: Leaving directory '/home/punk4tt4ck/Desktop/VUT/4_semester/IZG/Projekt/SDL2-2.0.9/build/CMakeFiles/CMakeTmp'
make: *** [Makefile:121: cmTC_16bdb/fast] Error 2


Determining if the function dlopen exists failed with the following output:
Change Dir: /home/punk4tt4ck/Desktop/VUT/4_semester/IZG/Projekt/SDL2-2.0.9/build/CMakeFiles/CMakeTmp

Run Build Command:"/usr/bin/make" "cmTC_bd1ef/fast"
/usr/bin/make -f CMakeFiles/cmTC_bd1ef.dir/build.make CMakeFiles/cmTC_bd1ef.dir/build
make[1]: Entering directory '/home/punk4tt4ck/Desktop/VUT/4_semester/IZG/Projekt/SDL2-2.0.9/build/CMakeFiles/CMakeTmp'
Building C object CMakeFiles/cmTC_bd1ef.dir/CheckFunctionExists.c.o
/usr/bin/cc   -g -O3 -idirafter /home/punk4tt4ck/Desktop/VUT/4_semester/IZG/Projekt/SDL2-2.0.9/src/video/khronos -DCHECK_FUNCTION_EXISTS=dlopen   -o CMakeFiles/cmTC_bd1ef.dir/CheckFunctionExists.c.o   -c /usr/share/cmake-3.13/Modules/CheckFunctionExists.c
Linking C executable cmTC_bd1ef
/usr/bin/cmake -E cmake_link_script CMakeFiles/cmTC_bd1ef.dir/link.txt --verbose=1
/usr/bin/cc -g -O3 -idirafter /home/punk4tt4ck/Desktop/VUT/4_semester/IZG/Projekt/SDL2-2.0.9/src/video/khronos -DCHECK_FUNCTION_EXISTS=dlopen    -rdynamic CMakeFiles/cmTC_bd1ef.dir/CheckFunctionExists.c.o  -o cmTC_bd1ef 
/usr/bin/ld: CMakeFiles/cmTC_bd1ef.dir/CheckFunctionExists.c.o: in function `main':
/usr/share/cmake-3.13/Modules/CheckFunctionExists.c:17: undefined reference to `dlopen'
collect2: error: ld returned 1 exit status
make[1]: *** [CMakeFiles/cmTC_bd1ef.dir/build.make:87: cmTC_bd1ef] Error 1
make[1]: Leaving directory '/home/punk4tt4ck/Desktop/VUT/4_semester/IZG/Projekt/SDL2-2.0.9/build/CMakeFiles/CMakeTmp'
make: *** [Makefile:121: cmTC_bd1ef/fast] Error 2


Determining if the include file alsa/asoundlib.h exists failed with the following output:
Change Dir: /home/punk4tt4ck/Desktop/VUT/4_semester/IZG/Projekt/SDL2-2.0.9/build/CMakeFiles/CMakeTmp

Run Build Command:"/usr/bin/make" "cmTC_83bfb/fast"
/usr/bin/make -f CMakeFiles/cmTC_83bfb.dir/build.make CMakeFiles/cmTC_83bfb.dir/build
make[1]: Entering directory '/home/punk4tt4ck/Desktop/VUT/4_semester/IZG/Projekt/SDL2-2.0.9/build/CMakeFiles/CMakeTmp'
Building C object CMakeFiles/cmTC_83bfb.dir/CheckIncludeFile.c.o
/usr/bin/cc   -g -O3 -idirafter /home/punk4tt4ck/Desktop/VUT/4_semester/IZG/Projekt/SDL2-2.0.9/src/video/khronos    -o CMakeFiles/cmTC_83bfb.dir/CheckIncludeFile.c.o   -c /home/punk4tt4ck/Desktop/VUT/4_semester/IZG/Projekt/SDL2-2.0.9/build/CMakeFiles/CMakeTmp/CheckIncludeFile.c
/home/punk4tt4ck/Desktop/VUT/4_semester/IZG/Projekt/SDL2-2.0.9/build/CMakeFiles/CMakeTmp/CheckIncludeFile.c:1:10: fatal error: alsa/asoundlib.h: No such file or directory
 #include <alsa/asoundlib.h>
          ^~~~~~~~~~~~~~~~~~
compilation terminated.
make[1]: *** [CMakeFiles/cmTC_83bfb.dir/build.make:66: CMakeFiles/cmTC_83bfb.dir/CheckIncludeFile.c.o] Error 1
make[1]: Leaving directory '/home/punk4tt4ck/Desktop/VUT/4_semester/IZG/Projekt/SDL2-2.0.9/build/CMakeFiles/CMakeTmp'
make: *** [Makefile:121: cmTC_83bfb/fast] Error 2


Determining if the include file audio/audiolib.h exists failed with the following output:
Change Dir: /home/punk4tt4ck/Desktop/VUT/4_semester/IZG/Projekt/SDL2-2.0.9/build/CMakeFiles/CMakeTmp

Run Build Command:"/usr/bin/make" "cmTC_00413/fast"
/usr/bin/make -f CMakeFiles/cmTC_00413.dir/build.make CMakeFiles/cmTC_00413.dir/build
make[1]: Entering directory '/home/punk4tt4ck/Desktop/VUT/4_semester/IZG/Projekt/SDL2-2.0.9/build/CMakeFiles/CMakeTmp'
Building C object CMakeFiles/cmTC_00413.dir/CheckIncludeFile.c.o
/usr/bin/cc   -g -O3 -idirafter /home/punk4tt4ck/Desktop/VUT/4_semester/IZG/Projekt/SDL2-2.0.9/src/video/khronos    -o CMakeFiles/cmTC_00413.dir/CheckIncludeFile.c.o   -c /home/punk4tt4ck/Desktop/VUT/4_semester/IZG/Projekt/SDL2-2.0.9/build/CMakeFiles/CMakeTmp/CheckIncludeFile.c
/home/punk4tt4ck/Desktop/VUT/4_semester/IZG/Projekt/SDL2-2.0.9/build/CMakeFiles/CMakeTmp/CheckIncludeFile.c:1:10: fatal error: audio/audiolib.h: No such file or directory
 #include <audio/audiolib.h>
          ^~~~~~~~~~~~~~~~~~
compilation terminated.
make[1]: *** [CMakeFiles/cmTC_00413.dir/build.make:66: CMakeFiles/cmTC_00413.dir/CheckIncludeFile.c.o] Error 1
make[1]: Leaving directory '/home/punk4tt4ck/Desktop/VUT/4_semester/IZG/Projekt/SDL2-2.0.9/build/CMakeFiles/CMakeTmp'
make: *** [Makefile:121: cmTC_00413/fast] Error 2


Determining if the include file sndio.h exists failed with the following output:
Change Dir: /home/punk4tt4ck/Desktop/VUT/4_semester/IZG/Projekt/SDL2-2.0.9/build/CMakeFiles/CMakeTmp

Run Build Command:"/usr/bin/make" "cmTC_2c3bb/fast"
/usr/bin/make -f CMakeFiles/cmTC_2c3bb.dir/build.make CMakeFiles/cmTC_2c3bb.dir/build
make[1]: Entering directory '/home/punk4tt4ck/Desktop/VUT/4_semester/IZG/Projekt/SDL2-2.0.9/build/CMakeFiles/CMakeTmp'
Building C object CMakeFiles/cmTC_2c3bb.dir/CheckIncludeFile.c.o
/usr/bin/cc   -g -O3 -idirafter /home/punk4tt4ck/Desktop/VUT/4_semester/IZG/Projekt/SDL2-2.0.9/src/video/khronos    -o CMakeFiles/cmTC_2c3bb.dir/CheckIncludeFile.c.o   -c /home/punk4tt4ck/Desktop/VUT/4_semester/IZG/Projekt/SDL2-2.0.9/build/CMakeFiles/CMakeTmp/CheckIncludeFile.c
/home/punk4tt4ck/Desktop/VUT/4_semester/IZG/Projekt/SDL2-2.0.9/build/CMakeFiles/CMakeTmp/CheckIncludeFile.c:1:10: fatal error: sndio.h: No such file or directory
 #include <sndio.h>
          ^~~~~~~~~
compilation terminated.
make[1]: *** [CMakeFiles/cmTC_2c3bb.dir/build.make:66: CMakeFiles/cmTC_2c3bb.dir/CheckIncludeFile.c.o] Error 1
make[1]: Leaving directory '/home/punk4tt4ck/Desktop/VUT/4_semester/IZG/Projekt/SDL2-2.0.9/build/CMakeFiles/CMakeTmp'
make: *** [Makefile:121: cmTC_2c3bb/fast] Error 2


Determining if the include file samplerate.h exists failed with the following output:
Change Dir: /home/punk4tt4ck/Desktop/VUT/4_semester/IZG/Projekt/SDL2-2.0.9/build/CMakeFiles/CMakeTmp

Run Build Command:"/usr/bin/make" "cmTC_51286/fast"
/usr/bin/make -f CMakeFiles/cmTC_51286.dir/build.make CMakeFiles/cmTC_51286.dir/build
make[1]: Entering directory '/home/punk4tt4ck/Desktop/VUT/4_semester/IZG/Projekt/SDL2-2.0.9/build/CMakeFiles/CMakeTmp'
Building C object CMakeFiles/cmTC_51286.dir/CheckIncludeFile.c.o
/usr/bin/cc   -g -O3 -idirafter /home/punk4tt4ck/Desktop/VUT/4_semester/IZG/Projekt/SDL2-2.0.9/src/video/khronos    -o CMakeFiles/cmTC_51286.dir/CheckIncludeFile.c.o   -c /home/punk4tt4ck/Desktop/VUT/4_semester/IZG/Projekt/SDL2-2.0.9/build/CMakeFiles/CMakeTmp/CheckIncludeFile.c
/home/punk4tt4ck/Desktop/VUT/4_semester/IZG/Projekt/SDL2-2.0.9/build/CMakeFiles/CMakeTmp/CheckIncludeFile.c:1:10: fatal error: samplerate.h: No such file or directory
 #include <samplerate.h>
          ^~~~~~~~~~~~~~
compilation terminated.
make[1]: *** [CMakeFiles/cmTC_51286.dir/build.make:66: CMakeFiles/cmTC_51286.dir/CheckIncludeFile.c.o] Error 1
make[1]: Leaving directory '/home/punk4tt4ck/Desktop/VUT/4_semester/IZG/Projekt/SDL2-2.0.9/build/CMakeFiles/CMakeTmp'
make: *** [Makefile:121: cmTC_51286/fast] Error 2


Performing C SOURCE FILE Test HAVE_VIDEO_RPI failed with the following output:
Change Dir: /home/punk4tt4ck/Desktop/VUT/4_semester/IZG/Projekt/SDL2-2.0.9/build/CMakeFiles/CMakeTmp

Run Build Command:"/usr/bin/make" "cmTC_459dc/fast"
/usr/bin/make -f CMakeFiles/cmTC_459dc.dir/build.make CMakeFiles/cmTC_459dc.dir/build
make[1]: Entering directory '/home/punk4tt4ck/Desktop/VUT/4_semester/IZG/Projekt/SDL2-2.0.9/build/CMakeFiles/CMakeTmp'
Building C object CMakeFiles/cmTC_459dc.dir/src.c.o
/usr/bin/cc   -g -O3 -idirafter /home/punk4tt4ck/Desktop/VUT/4_semester/IZG/Projekt/SDL2-2.0.9/src/video/khronos -DHAVE_VIDEO_RPI  -I/opt/vc/include/interface/vmcs_host/linux/ -I/opt/vc/include/interface/vcos/pthreads -I/opt/vc/include  -L/opt/vc/lib   -o CMakeFiles/cmTC_459dc.dir/src.c.o   -c /home/punk4tt4ck/Desktop/VUT/4_semester/IZG/Projekt/SDL2-2.0.9/build/CMakeFiles/CMakeTmp/src.c
/home/punk4tt4ck/Desktop/VUT/4_semester/IZG/Projekt/SDL2-2.0.9/build/CMakeFiles/CMakeTmp/src.c:2:18: fatal error: bcm_host.h: No such file or directory
         #include <bcm_host.h>
                  ^~~~~~~~~~~~
compilation terminated.
make[1]: *** [CMakeFiles/cmTC_459dc.dir/build.make:66: CMakeFiles/cmTC_459dc.dir/src.c.o] Error 1
make[1]: Leaving directory '/home/punk4tt4ck/Desktop/VUT/4_semester/IZG/Projekt/SDL2-2.0.9/build/CMakeFiles/CMakeTmp'
make: *** [Makefile:121: cmTC_459dc/fast] Error 2

Source file was:

        #include <bcm_host.h>
        int main(int argc, char **argv) {}
Determining if the include file X11/Xcursor/Xcursor.h exists failed with the following output:
Change Dir: /home/punk4tt4ck/Desktop/VUT/4_semester/IZG/Projekt/SDL2-2.0.9/build/CMakeFiles/CMakeTmp

Run Build Command:"/usr/bin/make" "cmTC_b5d75/fast"
/usr/bin/make -f CMakeFiles/cmTC_b5d75.dir/build.make CMakeFiles/cmTC_b5d75.dir/build
make[1]: Entering directory '/home/punk4tt4ck/Desktop/VUT/4_semester/IZG/Projekt/SDL2-2.0.9/build/CMakeFiles/CMakeTmp'
Building C object CMakeFiles/cmTC_b5d75.dir/CheckIncludeFile.c.o
/usr/bin/cc   -g -O3 -idirafter /home/punk4tt4ck/Desktop/VUT/4_semester/IZG/Projekt/SDL2-2.0.9/src/video/khronos    -o CMakeFiles/cmTC_b5d75.dir/CheckIncludeFile.c.o   -c /home/punk4tt4ck/Desktop/VUT/4_semester/IZG/Projekt/SDL2-2.0.9/build/CMakeFiles/CMakeTmp/CheckIncludeFile.c
/home/punk4tt4ck/Desktop/VUT/4_semester/IZG/Projekt/SDL2-2.0.9/build/CMakeFiles/CMakeTmp/CheckIncludeFile.c:1:10: fatal error: X11/Xcursor/Xcursor.h: No such file or directory
 #include <X11/Xcursor/Xcursor.h>
          ^~~~~~~~~~~~~~~~~~~~~~~
compilation terminated.
make[1]: *** [CMakeFiles/cmTC_b5d75.dir/build.make:66: CMakeFiles/cmTC_b5d75.dir/CheckIncludeFile.c.o] Error 1
make[1]: Leaving directory '/home/punk4tt4ck/Desktop/VUT/4_semester/IZG/Projekt/SDL2-2.0.9/build/CMakeFiles/CMakeTmp'
make: *** [Makefile:121: cmTC_b5d75/fast] Error 2


Determining if the include file X11/extensions/Xinerama.h exists failed with the following output:
Change Dir: /home/punk4tt4ck/Desktop/VUT/4_semester/IZG/Projekt/SDL2-2.0.9/build/CMakeFiles/CMakeTmp

Run Build Command:"/usr/bin/make" "cmTC_3fbea/fast"
/usr/bin/make -f CMakeFiles/cmTC_3fbea.dir/build.make CMakeFiles/cmTC_3fbea.dir/build
make[1]: Entering directory '/home/punk4tt4ck/Desktop/VUT/4_semester/IZG/Projekt/SDL2-2.0.9/build/CMakeFiles/CMakeTmp'
Building C object CMakeFiles/cmTC_3fbea.dir/CheckIncludeFile.c.o
/usr/bin/cc   -g -O3 -idirafter /home/punk4tt4ck/Desktop/VUT/4_semester/IZG/Projekt/SDL2-2.0.9/src/video/khronos    -o CMakeFiles/cmTC_3fbea.dir/CheckIncludeFile.c.o   -c /home/punk4tt4ck/Desktop/VUT/4_semester/IZG/Projekt/SDL2-2.0.9/build/CMakeFiles/CMakeTmp/CheckIncludeFile.c
/home/punk4tt4ck/Desktop/VUT/4_semester/IZG/Projekt/SDL2-2.0.9/build/CMakeFiles/CMakeTmp/CheckIncludeFile.c:1:10: fatal error: X11/extensions/Xinerama.h: No such file or directory
 #include <X11/extensions/Xinerama.h>
          ^~~~~~~~~~~~~~~~~~~~~~~~~~~
compilation terminated.
make[1]: *** [CMakeFiles/cmTC_3fbea.dir/build.make:66: CMakeFiles/cmTC_3fbea.dir/CheckIncludeFile.c.o] Error 1
make[1]: Leaving directory '/home/punk4tt4ck/Desktop/VUT/4_semester/IZG/Projekt/SDL2-2.0.9/build/CMakeFiles/CMakeTmp'
make: *** [Makefile:121: cmTC_3fbea/fast] Error 2


Determining if the include file X11/extensions/XInput2.h exists failed with the following output:
Change Dir: /home/punk4tt4ck/Desktop/VUT/4_semester/IZG/Projekt/SDL2-2.0.9/build/CMakeFiles/CMakeTmp

Run Build Command:"/usr/bin/make" "cmTC_6fcbf/fast"
/usr/bin/make -f CMakeFiles/cmTC_6fcbf.dir/build.make CMakeFiles/cmTC_6fcbf.dir/build
make[1]: Entering directory '/home/punk4tt4ck/Desktop/VUT/4_semester/IZG/Projekt/SDL2-2.0.9/build/CMakeFiles/CMakeTmp'
Building C object CMakeFiles/cmTC_6fcbf.dir/CheckIncludeFile.c.o
/usr/bin/cc   -g -O3 -idirafter /home/punk4tt4ck/Desktop/VUT/4_semester/IZG/Projekt/SDL2-2.0.9/src/video/khronos    -o CMakeFiles/cmTC_6fcbf.dir/CheckIncludeFile.c.o   -c /home/punk4tt4ck/Desktop/VUT/4_semester/IZG/Projekt/SDL2-2.0.9/build/CMakeFiles/CMakeTmp/CheckIncludeFile.c
/home/punk4tt4ck/Desktop/VUT/4_semester/IZG/Projekt/SDL2-2.0.9/build/CMakeFiles/CMakeTmp/CheckIncludeFile.c:1:10: fatal error: X11/extensions/XInput2.h: No such file or directory
 #include <X11/extensions/XInput2.h>
          ^~~~~~~~~~~~~~~~~~~~~~~~~~
compilation terminated.
make[1]: *** [CMakeFiles/cmTC_6fcbf.dir/build.make:66: CMakeFiles/cmTC_6fcbf.dir/CheckIncludeFile.c.o] Error 1
make[1]: Leaving directory '/home/punk4tt4ck/Desktop/VUT/4_semester/IZG/Projekt/SDL2-2.0.9/build/CMakeFiles/CMakeTmp'
make: *** [Makefile:121: cmTC_6fcbf/fast] Error 2


Determining if the include file X11/extensions/Xrandr.h exists failed with the following output:
Change Dir: /home/punk4tt4ck/Desktop/VUT/4_semester/IZG/Projekt/SDL2-2.0.9/build/CMakeFiles/CMakeTmp

Run Build Command:"/usr/bin/make" "cmTC_05096/fast"
/usr/bin/make -f CMakeFiles/cmTC_05096.dir/build.make CMakeFiles/cmTC_05096.dir/build
make[1]: Entering directory '/home/punk4tt4ck/Desktop/VUT/4_semester/IZG/Projekt/SDL2-2.0.9/build/CMakeFiles/CMakeTmp'
Building C object CMakeFiles/cmTC_05096.dir/CheckIncludeFile.c.o
/usr/bin/cc   -g -O3 -idirafter /home/punk4tt4ck/Desktop/VUT/4_semester/IZG/Projekt/SDL2-2.0.9/src/video/khronos    -o CMakeFiles/cmTC_05096.dir/CheckIncludeFile.c.o   -c /home/punk4tt4ck/Desktop/VUT/4_semester/IZG/Projekt/SDL2-2.0.9/build/CMakeFiles/CMakeTmp/CheckIncludeFile.c
/home/punk4tt4ck/Desktop/VUT/4_semester/IZG/Projekt/SDL2-2.0.9/build/CMakeFiles/CMakeTmp/CheckIncludeFile.c:1:10: fatal error: X11/extensions/Xrandr.h: No such file or directory
 #include <X11/extensions/Xrandr.h>
          ^~~~~~~~~~~~~~~~~~~~~~~~~
compilation terminated.
make[1]: *** [CMakeFiles/cmTC_05096.dir/build.make:66: CMakeFiles/cmTC_05096.dir/CheckIncludeFile.c.o] Error 1
make[1]: Leaving directory '/home/punk4tt4ck/Desktop/VUT/4_semester/IZG/Projekt/SDL2-2.0.9/build/CMakeFiles/CMakeTmp'
make: *** [Makefile:121: cmTC_05096/fast] Error 2


Determining if the include file X11/extensions/Xrender.h exists failed with the following output:
Change Dir: /home/punk4tt4ck/Desktop/VUT/4_semester/IZG/Projekt/SDL2-2.0.9/build/CMakeFiles/CMakeTmp

Run Build Command:"/usr/bin/make" "cmTC_4e913/fast"
/usr/bin/make -f CMakeFiles/cmTC_4e913.dir/build.make CMakeFiles/cmTC_4e913.dir/build
make[1]: Entering directory '/home/punk4tt4ck/Desktop/VUT/4_semester/IZG/Projekt/SDL2-2.0.9/build/CMakeFiles/CMakeTmp'
Building C object CMakeFiles/cmTC_4e913.dir/CheckIncludeFile.c.o
/usr/bin/cc   -g -O3 -idirafter /home/punk4tt4ck/Desktop/VUT/4_semester/IZG/Projekt/SDL2-2.0.9/src/video/khronos    -o CMakeFiles/cmTC_4e913.dir/CheckIncludeFile.c.o   -c /home/punk4tt4ck/Desktop/VUT/4_semester/IZG/Projekt/SDL2-2.0.9/build/CMakeFiles/CMakeTmp/CheckIncludeFile.c
/home/punk4tt4ck/Desktop/VUT/4_semester/IZG/Projekt/SDL2-2.0.9/build/CMakeFiles/CMakeTmp/CheckIncludeFile.c:1:10: fatal error: X11/extensions/Xrender.h: No such file or directory
 #include <X11/extensions/Xrender.h>
          ^~~~~~~~~~~~~~~~~~~~~~~~~~
compilation terminated.
make[1]: *** [CMakeFiles/cmTC_4e913.dir/build.make:66: CMakeFiles/cmTC_4e913.dir/CheckIncludeFile.c.o] Error 1
make[1]: Leaving directory '/home/punk4tt4ck/Desktop/VUT/4_semester/IZG/Projekt/SDL2-2.0.9/build/CMakeFiles/CMakeTmp'
make: *** [Makefile:121: cmTC_4e913/fast] Error 2


Determining if the include file X11/extensions/scrnsaver.h exists failed with the following output:
Change Dir: /home/punk4tt4ck/Desktop/VUT/4_semester/IZG/Projekt/SDL2-2.0.9/build/CMakeFiles/CMakeTmp

Run Build Command:"/usr/bin/make" "cmTC_676f7/fast"
/usr/bin/make -f CMakeFiles/cmTC_676f7.dir/build.make CMakeFiles/cmTC_676f7.dir/build
make[1]: Entering directory '/home/punk4tt4ck/Desktop/VUT/4_semester/IZG/Projekt/SDL2-2.0.9/build/CMakeFiles/CMakeTmp'
Building C object CMakeFiles/cmTC_676f7.dir/CheckIncludeFile.c.o
/usr/bin/cc   -g -O3 -idirafter /home/punk4tt4ck/Desktop/VUT/4_semester/IZG/Projekt/SDL2-2.0.9/src/video/khronos    -o CMakeFiles/cmTC_676f7.dir/CheckIncludeFile.c.o   -c /home/punk4tt4ck/Desktop/VUT/4_semester/IZG/Projekt/SDL2-2.0.9/build/CMakeFiles/CMakeTmp/CheckIncludeFile.c
/home/punk4tt4ck/Desktop/VUT/4_semester/IZG/Projekt/SDL2-2.0.9/build/CMakeFiles/CMakeTmp/CheckIncludeFile.c:1:10: fatal error: X11/extensions/scrnsaver.h: No such file or directory
 #include <X11/extensions/scrnsaver.h>
          ^~~~~~~~~~~~~~~~~~~~~~~~~~~~
compilation terminated.
make[1]: *** [CMakeFiles/cmTC_676f7.dir/build.make:66: CMakeFiles/cmTC_676f7.dir/CheckIncludeFile.c.o] Error 1
make[1]: Leaving directory '/home/punk4tt4ck/Desktop/VUT/4_semester/IZG/Projekt/SDL2-2.0.9/build/CMakeFiles/CMakeTmp'
make: *** [Makefile:121: cmTC_676f7/fast] Error 2


Performing C SOURCE FILE Test HAVE_VIDEO_OPENGLES_V1 failed with the following output:
Change Dir: /home/punk4tt4ck/Desktop/VUT/4_semester/IZG/Projekt/SDL2-2.0.9/build/CMakeFiles/CMakeTmp

Run Build Command:"/usr/bin/make" "cmTC_dffeb/fast"
/usr/bin/make -f CMakeFiles/cmTC_dffeb.dir/build.make CMakeFiles/cmTC_dffeb.dir/build
make[1]: Entering directory '/home/punk4tt4ck/Desktop/VUT/4_semester/IZG/Projekt/SDL2-2.0.9/build/CMakeFiles/CMakeTmp'
Building C object CMakeFiles/cmTC_dffeb.dir/src.c.o
/usr/bin/cc   -g -O3 -idirafter /home/punk4tt4ck/Desktop/VUT/4_semester/IZG/Projekt/SDL2-2.0.9/src/video/khronos -DHAVE_VIDEO_OPENGLES_V1   -o CMakeFiles/cmTC_dffeb.dir/src.c.o   -c /home/punk4tt4ck/Desktop/VUT/4_semester/IZG/Projekt/SDL2-2.0.9/build/CMakeFiles/CMakeTmp/src.c
/home/punk4tt4ck/Desktop/VUT/4_semester/IZG/Projekt/SDL2-2.0.9/build/CMakeFiles/CMakeTmp/src.c:2:16: fatal error: GLES/gl.h: No such file or directory
       #include <GLES/gl.h>
                ^~~~~~~~~~~
compilation terminated.
make[1]: *** [CMakeFiles/cmTC_dffeb.dir/build.make:66: CMakeFiles/cmTC_dffeb.dir/src.c.o] Error 1
make[1]: Leaving directory '/home/punk4tt4ck/Desktop/VUT/4_semester/IZG/Projekt/SDL2-2.0.9/build/CMakeFiles/CMakeTmp'
make: *** [Makefile:121: cmTC_dffeb/fast] Error 2

Source file was:

      #include <GLES/gl.h>
      #include <GLES/glext.h>
      int main (int argc, char** argv) {}
Performing C SOURCE FILE Test HAVE_VIDEO_VIVANTE_VDK failed with the following output:
Change Dir: /home/punk4tt4ck/Desktop/VUT/4_semester/IZG/Projekt/SDL2-2.0.9/build/CMakeFiles/CMakeTmp

Run Build Command:"/usr/bin/make" "cmTC_f572c/fast"
/usr/bin/make -f CMakeFiles/cmTC_f572c.dir/build.make CMakeFiles/cmTC_f572c.dir/build
make[1]: Entering directory '/home/punk4tt4ck/Desktop/VUT/4_semester/IZG/Projekt/SDL2-2.0.9/build/CMakeFiles/CMakeTmp'
Building C object CMakeFiles/cmTC_f572c.dir/src.c.o
/usr/bin/cc   -g -O3 -idirafter /home/punk4tt4ck/Desktop/VUT/4_semester/IZG/Projekt/SDL2-2.0.9/src/video/khronos -DHAVE_VIDEO_VIVANTE_VDK   -o CMakeFiles/cmTC_f572c.dir/src.c.o   -c /home/punk4tt4ck/Desktop/VUT/4_semester/IZG/Projekt/SDL2-2.0.9/build/CMakeFiles/CMakeTmp/src.c
/home/punk4tt4ck/Desktop/VUT/4_semester/IZG/Projekt/SDL2-2.0.9/build/CMakeFiles/CMakeTmp/src.c:2:18: fatal error: gc_vdk.h: No such file or directory
         #include <gc_vdk.h>
                  ^~~~~~~~~~
compilation terminated.
make[1]: *** [CMakeFiles/cmTC_f572c.dir/build.make:66: CMakeFiles/cmTC_f572c.dir/src.c.o] Error 1
make[1]: Leaving directory '/home/punk4tt4ck/Desktop/VUT/4_semester/IZG/Projekt/SDL2-2.0.9/build/CMakeFiles/CMakeTmp'
make: *** [Makefile:121: cmTC_f572c/fast] Error 2

Source file was:

        #include <gc_vdk.h>
        int main(int argc, char** argv) {}
Performing C SOURCE FILE Test HAVE_VIDEO_VIVANTE_EGL_FB failed with the following output:
Change Dir: /home/punk4tt4ck/Desktop/VUT/4_semester/IZG/Projekt/SDL2-2.0.9/build/CMakeFiles/CMakeTmp

Run Build Command:"/usr/bin/make" "cmTC_87d15/fast"
/usr/bin/make -f CMakeFiles/cmTC_87d15.dir/build.make CMakeFiles/cmTC_87d15.dir/build
make[1]: Entering directory '/home/punk4tt4ck/Desktop/VUT/4_semester/IZG/Projekt/SDL2-2.0.9/build/CMakeFiles/CMakeTmp'
Building C object CMakeFiles/cmTC_87d15.dir/src.c.o
/usr/bin/cc   -g -O3 -idirafter /home/punk4tt4ck/Desktop/VUT/4_semester/IZG/Projekt/SDL2-2.0.9/src/video/khronos -DHAVE_VIDEO_VIVANTE_EGL_FB   -o CMakeFiles/cmTC_87d15.dir/src.c.o   -c /home/punk4tt4ck/Desktop/VUT/4_semester/IZG/Projekt/SDL2-2.0.9/build/CMakeFiles/CMakeTmp/src.c
/home/punk4tt4ck/Desktop/VUT/4_semester/IZG/Projekt/SDL2-2.0.9/build/CMakeFiles/CMakeTmp/src.c:4:18: fatal error: EGL/eglvivante.h: No such file or directory
         #include <EGL/eglvivante.h>
                  ^~~~~~~~~~~~~~~~~~
compilation terminated.
make[1]: *** [CMakeFiles/cmTC_87d15.dir/build.make:66: CMakeFiles/cmTC_87d15.dir/src.c.o] Error 1
make[1]: Leaving directory '/home/punk4tt4ck/Desktop/VUT/4_semester/IZG/Projekt/SDL2-2.0.9/build/CMakeFiles/CMakeTmp'
make: *** [Makefile:121: cmTC_87d15/fast] Error 2

Source file was:

        #define LINUX
        #define EGL_API_FB
        #include <EGL/eglvivante.h>
        int main(int argc, char** argv) {}
Determining if the include file libudev.h exists failed with the following output:
Change Dir: /home/punk4tt4ck/Desktop/VUT/4_semester/IZG/Projekt/SDL2-2.0.9/build/CMakeFiles/CMakeTmp

Run Build Command:"/usr/bin/make" "cmTC_c6c6f/fast"
/usr/bin/make -f CMakeFiles/cmTC_c6c6f.dir/build.make CMakeFiles/cmTC_c6c6f.dir/build
make[1]: Entering directory '/home/punk4tt4ck/Desktop/VUT/4_semester/IZG/Projekt/SDL2-2.0.9/build/CMakeFiles/CMakeTmp'
Building C object CMakeFiles/cmTC_c6c6f.dir/CheckIncludeFile.c.o
/usr/bin/cc   -g -O3 -idirafter /home/punk4tt4ck/Desktop/VUT/4_semester/IZG/Projekt/SDL2-2.0.9/src/video/khronos    -o CMakeFiles/cmTC_c6c6f.dir/CheckIncludeFile.c.o   -c /home/punk4tt4ck/Desktop/VUT/4_semester/IZG/Projekt/SDL2-2.0.9/build/CMakeFiles/CMakeTmp/CheckIncludeFile.c
/home/punk4tt4ck/Desktop/VUT/4_semester/IZG/Projekt/SDL2-2.0.9/build/CMakeFiles/CMakeTmp/CheckIncludeFile.c:1:10: fatal error: libudev.h: No such file or directory
 #include <libudev.h>
          ^~~~~~~~~~~
compilation terminated.
make[1]: *** [CMakeFiles/cmTC_c6c6f.dir/build.make:66: CMakeFiles/cmTC_c6c6f.dir/CheckIncludeFile.c.o] Error 1
make[1]: Leaving directory '/home/punk4tt4ck/Desktop/VUT/4_semester/IZG/Projekt/SDL2-2.0.9/build/CMakeFiles/CMakeTmp'
make: *** [Makefile:121: cmTC_c6c6f/fast] Error 2


Determining if the include file fcitx/frontend.h exists failed with the following output:
Change Dir: /home/punk4tt4ck/Desktop/VUT/4_semester/IZG/Projekt/SDL2-2.0.9/build/CMakeFiles/CMakeTmp

Run Build Command:"/usr/bin/make" "cmTC_ee9f0/fast"
/usr/bin/make -f CMakeFiles/cmTC_ee9f0.dir/build.make CMakeFiles/cmTC_ee9f0.dir/build
make[1]: Entering directory '/home/punk4tt4ck/Desktop/VUT/4_semester/IZG/Projekt/SDL2-2.0.9/build/CMakeFiles/CMakeTmp'
Building C object CMakeFiles/cmTC_ee9f0.dir/CheckIncludeFile.c.o
/usr/bin/cc   -g -O3 -idirafter /home/punk4tt4ck/Desktop/VUT/4_semester/IZG/Projekt/SDL2-2.0.9/src/video/khronos    -o CMakeFiles/cmTC_ee9f0.dir/CheckIncludeFile.c.o   -c /home/punk4tt4ck/Desktop/VUT/4_semester/IZG/Projekt/SDL2-2.0.9/build/CMakeFiles/CMakeTmp/CheckIncludeFile.c
/home/punk4tt4ck/Desktop/VUT/4_semester/IZG/Projekt/SDL2-2.0.9/build/CMakeFiles/CMakeTmp/CheckIncludeFile.c:1:10: fatal error: fcitx/frontend.h: No such file or directory
 #include <fcitx/frontend.h>
          ^~~~~~~~~~~~~~~~~~
compilation terminated.
make[1]: *** [CMakeFiles/cmTC_ee9f0.dir/build.make:66: CMakeFiles/cmTC_ee9f0.dir/CheckIncludeFile.c.o] Error 1
make[1]: Leaving directory '/home/punk4tt4ck/Desktop/VUT/4_semester/IZG/Projekt/SDL2-2.0.9/build/CMakeFiles/CMakeTmp'
make: *** [Makefile:121: cmTC_ee9f0/fast] Error 2


Performing C SOURCE FILE Test HAVE_INPUT_TSLIB failed with the following output:
Change Dir: /home/punk4tt4ck/Desktop/VUT/4_semester/IZG/Projekt/SDL2-2.0.9/build/CMakeFiles/CMakeTmp

Run Build Command:"/usr/bin/make" "cmTC_1ecfc/fast"
/usr/bin/make -f CMakeFiles/cmTC_1ecfc.dir/build.make CMakeFiles/cmTC_1ecfc.dir/build
make[1]: Entering directory '/home/punk4tt4ck/Desktop/VUT/4_semester/IZG/Projekt/SDL2-2.0.9/build/CMakeFiles/CMakeTmp'
Building C object CMakeFiles/cmTC_1ecfc.dir/src.c.o
/usr/bin/cc   -g -O3 -idirafter /home/punk4tt4ck/Desktop/VUT/4_semester/IZG/Projekt/SDL2-2.0.9/src/video/khronos -DHAVE_INPUT_TSLIB   -o CMakeFiles/cmTC_1ecfc.dir/src.c.o   -c /home/punk4tt4ck/Desktop/VUT/4_semester/IZG/Projekt/SDL2-2.0.9/build/CMakeFiles/CMakeTmp/src.c
/home/punk4tt4ck/Desktop/VUT/4_semester/IZG/Projekt/SDL2-2.0.9/build/CMakeFiles/CMakeTmp/src.c:2:18: fatal error: tslib.h: No such file or directory
         #include "tslib.h"
                  ^~~~~~~~~
compilation terminated.
make[1]: *** [CMakeFiles/cmTC_1ecfc.dir/build.make:66: CMakeFiles/cmTC_1ecfc.dir/src.c.o] Error 1
make[1]: Leaving directory '/home/punk4tt4ck/Desktop/VUT/4_semester/IZG/Projekt/SDL2-2.0.9/build/CMakeFiles/CMakeTmp'
make: *** [Makefile:121: cmTC_1ecfc/fast] Error 2

Source file was:

        #include "tslib.h"
        int main(int argc, char** argv) { }
Determining if the function hid_init exists in the usbhid failed with the following output:
Change Dir: /home/punk4tt4ck/Desktop/VUT/4_semester/IZG/Projekt/SDL2-2.0.9/build/CMakeFiles/CMakeTmp

Run Build Command:"/usr/bin/make" "cmTC_ec92e/fast"
/usr/bin/make -f CMakeFiles/cmTC_ec92e.dir/build.make CMakeFiles/cmTC_ec92e.dir/build
make[1]: Entering directory '/home/punk4tt4ck/Desktop/VUT/4_semester/IZG/Projekt/SDL2-2.0.9/build/CMakeFiles/CMakeTmp'
Building C object CMakeFiles/cmTC_ec92e.dir/CheckFunctionExists.c.o
/usr/bin/cc   -g -O3 -idirafter /home/punk4tt4ck/Desktop/VUT/4_semester/IZG/Projekt/SDL2-2.0.9/src/video/khronos -DCHECK_FUNCTION_EXISTS=hid_init   -o CMakeFiles/cmTC_ec92e.dir/CheckFunctionExists.c.o   -c /usr/share/cmake-3.13/Modules/CheckFunctionExists.c
Linking C executable cmTC_ec92e
/usr/bin/cmake -E cmake_link_script CMakeFiles/cmTC_ec92e.dir/link.txt --verbose=1
/usr/bin/cc -g -O3 -idirafter /home/punk4tt4ck/Desktop/VUT/4_semester/IZG/Projekt/SDL2-2.0.9/src/video/khronos -DCHECK_FUNCTION_EXISTS=hid_init    -rdynamic CMakeFiles/cmTC_ec92e.dir/CheckFunctionExists.c.o  -o cmTC_ec92e -lusbhid 
/usr/bin/ld: cannot find -lusbhid
collect2: error: ld returned 1 exit status
make[1]: *** [CMakeFiles/cmTC_ec92e.dir/build.make:87: cmTC_ec92e] Error 1
make[1]: Leaving directory '/home/punk4tt4ck/Desktop/VUT/4_semester/IZG/Projekt/SDL2-2.0.9/build/CMakeFiles/CMakeTmp'
make: *** [Makefile:121: cmTC_ec92e/fast] Error 2


Determining if the include file usb.h exists failed with the following output:
Change Dir: /home/punk4tt4ck/Desktop/VUT/4_semester/IZG/Projekt/SDL2-2.0.9/build/CMakeFiles/CMakeTmp

Run Build Command:"/usr/bin/make" "cmTC_b4dc0/fast"
/usr/bin/make -f CMakeFiles/cmTC_b4dc0.dir/build.make CMakeFiles/cmTC_b4dc0.dir/build
make[1]: Entering directory '/home/punk4tt4ck/Desktop/VUT/4_semester/IZG/Projekt/SDL2-2.0.9/build/CMakeFiles/CMakeTmp'
Building C object CMakeFiles/cmTC_b4dc0.dir/CheckIncludeFile.c.o
/usr/bin/cc   -g -O3 -idirafter /home/punk4tt4ck/Desktop/VUT/4_semester/IZG/Projekt/SDL2-2.0.9/src/video/khronos    -o CMakeFiles/cmTC_b4dc0.dir/CheckIncludeFile.c.o   -c /home/punk4tt4ck/Desktop/VUT/4_semester/IZG/Projekt/SDL2-2.0.9/build/CMakeFiles/CMakeTmp/CheckIncludeFile.c
/home/punk4tt4ck/Desktop/VUT/4_semester/IZG/Projekt/SDL2-2.0.9/build/CMakeFiles/CMakeTmp/CheckIncludeFile.c:1:10: fatal error: usb.h: No such file or directory
 #include <usb.h>
          ^~~~~~~
compilation terminated.
make[1]: *** [CMakeFiles/cmTC_b4dc0.dir/build.make:66: CMakeFiles/cmTC_b4dc0.dir/CheckIncludeFile.c.o] Error 1
make[1]: Leaving directory '/home/punk4tt4ck/Desktop/VUT/4_semester/IZG/Projekt/SDL2-2.0.9/build/CMakeFiles/CMakeTmp'
make: *** [Makefile:121: cmTC_b4dc0/fast] Error 2


Determining if the include file libusb.h exists failed with the following output:
Change Dir: /home/punk4tt4ck/Desktop/VUT/4_semester/IZG/Projekt/SDL2-2.0.9/build/CMakeFiles/CMakeTmp

Run Build Command:"/usr/bin/make" "cmTC_9f189/fast"
/usr/bin/make -f CMakeFiles/cmTC_9f189.dir/build.make CMakeFiles/cmTC_9f189.dir/build
make[1]: Entering directory '/home/punk4tt4ck/Desktop/VUT/4_semester/IZG/Projekt/SDL2-2.0.9/build/CMakeFiles/CMakeTmp'
Building C object CMakeFiles/cmTC_9f189.dir/CheckIncludeFile.c.o
/usr/bin/cc   -g -O3 -idirafter /home/punk4tt4ck/Desktop/VUT/4_semester/IZG/Projekt/SDL2-2.0.9/src/video/khronos    -o CMakeFiles/cmTC_9f189.dir/CheckIncludeFile.c.o   -c /home/punk4tt4ck/Desktop/VUT/4_semester/IZG/Projekt/SDL2-2.0.9/build/CMakeFiles/CMakeTmp/CheckIncludeFile.c
/home/punk4tt4ck/Desktop/VUT/4_semester/IZG/Projekt/SDL2-2.0.9/build/CMakeFiles/CMakeTmp/CheckIncludeFile.c:1:10: fatal error: libusb.h: No such file or directory
 #include <libusb.h>
          ^~~~~~~~~~
compilation terminated.
make[1]: *** [CMakeFiles/cmTC_9f189.dir/build.make:66: CMakeFiles/cmTC_9f189.dir/CheckIncludeFile.c.o] Error 1
make[1]: Leaving directory '/home/punk4tt4ck/Desktop/VUT/4_semester/IZG/Projekt/SDL2-2.0.9/build/CMakeFiles/CMakeTmp'
make: *** [Makefile:121: cmTC_9f189/fast] Error 2


Determining if the function hid_init exists in the usb failed with the following output:
Change Dir: /home/punk4tt4ck/Desktop/VUT/4_semester/IZG/Projekt/SDL2-2.0.9/build/CMakeFiles/CMakeTmp

Run Build Command:"/usr/bin/make" "cmTC_383b3/fast"
/usr/bin/make -f CMakeFiles/cmTC_383b3.dir/build.make CMakeFiles/cmTC_383b3.dir/build
make[1]: Entering directory '/home/punk4tt4ck/Desktop/VUT/4_semester/IZG/Projekt/SDL2-2.0.9/build/CMakeFiles/CMakeTmp'
Building C object CMakeFiles/cmTC_383b3.dir/CheckFunctionExists.c.o
/usr/bin/cc   -g -O3 -idirafter /home/punk4tt4ck/Desktop/VUT/4_semester/IZG/Projekt/SDL2-2.0.9/src/video/khronos -DCHECK_FUNCTION_EXISTS=hid_init   -o CMakeFiles/cmTC_383b3.dir/CheckFunctionExists.c.o   -c /usr/share/cmake-3.13/Modules/CheckFunctionExists.c
Linking C executable cmTC_383b3
/usr/bin/cmake -E cmake_link_script CMakeFiles/cmTC_383b3.dir/link.txt --verbose=1
/usr/bin/cc -g -O3 -idirafter /home/punk4tt4ck/Desktop/VUT/4_semester/IZG/Projekt/SDL2-2.0.9/src/video/khronos -DCHECK_FUNCTION_EXISTS=hid_init    -rdynamic CMakeFiles/cmTC_383b3.dir/CheckFunctionExists.c.o  -o cmTC_383b3 -lusb 
/usr/bin/ld: cannot find -lusb
collect2: error: ld returned 1 exit status
make[1]: *** [CMakeFiles/cmTC_383b3.dir/build.make:87: cmTC_383b3] Error 1
make[1]: Leaving directory '/home/punk4tt4ck/Desktop/VUT/4_semester/IZG/Projekt/SDL2-2.0.9/build/CMakeFiles/CMakeTmp'
make: *** [Makefile:121: cmTC_383b3/fast] Error 2


Performing C SOURCE FILE Test HAVE_USBHID failed with the following output:
Change Dir: /home/punk4tt4ck/Desktop/VUT/4_semester/IZG/Projekt/SDL2-2.0.9/build/CMakeFiles/CMakeTmp

Run Build Command:"/usr/bin/make" "cmTC_90c44/fast"
/usr/bin/make -f CMakeFiles/cmTC_90c44.dir/build.make CMakeFiles/cmTC_90c44.dir/build
make[1]: Entering directory '/home/punk4tt4ck/Desktop/VUT/4_semester/IZG/Projekt/SDL2-2.0.9/build/CMakeFiles/CMakeTmp'
Building C object CMakeFiles/cmTC_90c44.dir/src.c.o
/usr/bin/cc   -g -O3 -idirafter /home/punk4tt4ck/Desktop/VUT/4_semester/IZG/Projekt/SDL2-2.0.9/src/video/khronos -DHAVE_USBHID   -o CMakeFiles/cmTC_90c44.dir/src.c.o   -c /home/punk4tt4ck/Desktop/VUT/4_semester/IZG/Projekt/SDL2-2.0.9/build/CMakeFiles/CMakeTmp/src.c
/home/punk4tt4ck/Desktop/VUT/4_semester/IZG/Projekt/SDL2-2.0.9/build/CMakeFiles/CMakeTmp/src.c:10:19: fatal error: dev/usb/usb.h: No such file or directory
         # include <dev/usb/usb.h>
                   ^~~~~~~~~~~~~~~
compilation terminated.
make[1]: *** [CMakeFiles/cmTC_90c44.dir/build.make:66: CMakeFiles/cmTC_90c44.dir/src.c.o] Error 1
make[1]: Leaving directory '/home/punk4tt4ck/Desktop/VUT/4_semester/IZG/Projekt/SDL2-2.0.9/build/CMakeFiles/CMakeTmp'
make: *** [Makefile:121: cmTC_90c44/fast] Error 2

Source file was:

       #include <sys/types.h>
        #if defined(HAVE_USB_H)
        #include <usb.h>
        #endif
        #ifdef __DragonFly__
        # include <bus/usb/usb.h>
        # include <bus/usb/usbhid.h>
        #else
        # include <dev/usb/usb.h>
        # include <dev/usb/usbhid.h>
        #endif
        #if defined(HAVE_USBHID_H)
        #include <usbhid.h>
        #elif defined(HAVE_LIBUSB_H)
        #include <libusb.h>
        #elif defined(HAVE_LIBUSBHID_H)
        #include <libusbhid.h>
        #endif
        int main(int argc, char **argv) {
          struct report_desc *repdesc;
          struct usb_ctl_report *repbuf;
          hid_kind_t hidkind;
          return 0;
        }
Performing C SOURCE FILE Test HAVE_PTHREAD_NP_H failed with the following output:
Change Dir: /home/punk4tt4ck/Desktop/VUT/4_semester/IZG/Projekt/SDL2-2.0.9/build/CMakeFiles/CMakeTmp

Run Build Command:"/usr/bin/make" "cmTC_36c69/fast"
/usr/bin/make -f CMakeFiles/cmTC_36c69.dir/build.make CMakeFiles/cmTC_36c69.dir/build
make[1]: Entering directory '/home/punk4tt4ck/Desktop/VUT/4_semester/IZG/Projekt/SDL2-2.0.9/build/CMakeFiles/CMakeTmp'
Building C object CMakeFiles/cmTC_36c69.dir/src.c.o
/usr/bin/cc   -g -O3 -idirafter /home/punk4tt4ck/Desktop/VUT/4_semester/IZG/Projekt/SDL2-2.0.9/src/video/khronos -DHAVE_PTHREAD_NP_H   -D_REENTRANT -pthread   -o CMakeFiles/cmTC_36c69.dir/src.c.o   -c /home/punk4tt4ck/Desktop/VUT/4_semester/IZG/Projekt/SDL2-2.0.9/build/CMakeFiles/CMakeTmp/src.c
/home/punk4tt4ck/Desktop/VUT/4_semester/IZG/Projekt/SDL2-2.0.9/build/CMakeFiles/CMakeTmp/src.c:3:20: fatal error: pthread_np.h: No such file or directory
           #include <pthread_np.h>
                    ^~~~~~~~~~~~~~
compilation terminated.
make[1]: *** [CMakeFiles/cmTC_36c69.dir/build.make:66: CMakeFiles/cmTC_36c69.dir/src.c.o] Error 1
make[1]: Leaving directory '/home/punk4tt4ck/Desktop/VUT/4_semester/IZG/Projekt/SDL2-2.0.9/build/CMakeFiles/CMakeTmp'
make: *** [Makefile:121: cmTC_36c69/fast] Error 2

Source file was:

          #include <pthread.h>
          #include <pthread_np.h>
          int main(int argc, char** argv) { return 0; }
Determining if the function pthread_set_name_np exists failed with the following output:
Change Dir: /home/punk4tt4ck/Desktop/VUT/4_semester/IZG/Projekt/SDL2-2.0.9/build/CMakeFiles/CMakeTmp

Run Build Command:"/usr/bin/make" "cmTC_220cf/fast"
/usr/bin/make -f CMakeFiles/cmTC_220cf.dir/build.make CMakeFiles/cmTC_220cf.dir/build
make[1]: Entering directory '/home/punk4tt4ck/Desktop/VUT/4_semester/IZG/Projekt/SDL2-2.0.9/build/CMakeFiles/CMakeTmp'
Building C object CMakeFiles/cmTC_220cf.dir/CheckFunctionExists.c.o
/usr/bin/cc   -g -O3 -idirafter /home/punk4tt4ck/Desktop/VUT/4_semester/IZG/Projekt/SDL2-2.0.9/src/video/khronos -DCHECK_FUNCTION_EXISTS=pthread_set_name_np   -D_REENTRANT -pthread   -o CMakeFiles/cmTC_220cf.dir/CheckFunctionExists.c.o   -c /usr/share/cmake-3.13/Modules/CheckFunctionExists.c
Linking C executable cmTC_220cf
/usr/bin/cmake -E cmake_link_script CMakeFiles/cmTC_220cf.dir/link.txt --verbose=1
/usr/bin/cc -g -O3 -idirafter /home/punk4tt4ck/Desktop/VUT/4_semester/IZG/Projekt/SDL2-2.0.9/src/video/khronos -DCHECK_FUNCTION_EXISTS=pthread_set_name_np   -D_REENTRANT -pthread    -rdynamic CMakeFiles/cmTC_220cf.dir/CheckFunctionExists.c.o  -o cmTC_220cf 
/usr/bin/ld: CMakeFiles/cmTC_220cf.dir/CheckFunctionExists.c.o: in function `main':
/usr/share/cmake-3.13/Modules/CheckFunctionExists.c:17: undefined reference to `pthread_set_name_np'
collect2: error: ld returned 1 exit status
make[1]: *** [CMakeFiles/cmTC_220cf.dir/build.make:87: cmTC_220cf] Error 1
make[1]: Leaving directory '/home/punk4tt4ck/Desktop/VUT/4_semester/IZG/Projekt/SDL2-2.0.9/build/CMakeFiles/CMakeTmp'
make: *** [Makefile:121: cmTC_220cf/fast] Error 2


